2019-11-21T09:40:46.752+0900 I  CONTROL  [main] Automatically disabling TLS 1.0, to force-enable TLS 1.0 specify --sslDisabledProtocols 'none'
2019-11-21T09:40:46.815+0900 I  CONTROL  [initandlisten] MongoDB starting : pid=32 port=27017 dbpath=C:\Users\d-noguchi\git\study\MongoDB\data 64-bit host=LAPTOP-VBF69F3M
2019-11-21T09:40:46.816+0900 I  CONTROL  [initandlisten] targetMinOS: Windows 7/Windows Server 2008 R2
2019-11-21T09:40:46.816+0900 I  CONTROL  [initandlisten] db version v4.2.1
2019-11-21T09:40:46.817+0900 I  CONTROL  [initandlisten] git version: edf6d45851c0b9ee15548f0f847df141764a317e
2019-11-21T09:40:46.817+0900 I  CONTROL  [initandlisten] allocator: tcmalloc
2019-11-21T09:40:46.817+0900 I  CONTROL  [initandlisten] modules: none
2019-11-21T09:40:46.828+0900 I  CONTROL  [initandlisten] build environment:
2019-11-21T09:40:46.828+0900 I  CONTROL  [initandlisten]     distmod: 2012plus
2019-11-21T09:40:46.828+0900 I  CONTROL  [initandlisten]     distarch: x86_64
2019-11-21T09:40:46.828+0900 I  CONTROL  [initandlisten]     target_arch: x86_64
2019-11-21T09:40:46.828+0900 I  CONTROL  [initandlisten] options: { config: "C:\Users\d-noguchi\git\study\MongoDB\mongodb_win.conf", net: { bindIp: "127.0.0.1" }, processManagement: { windowsService: { description: "MongoDBのサービス", displayName: "MongoDB", serviceName: "MongoDB" } }, storage: { dbPath: "C:\Users\d-noguchi\git\study\MongoDB\data", engine: "wiredTiger", journal: { enabled: true } }, systemLog: { destination: "file", path: "C:\Users\d-noguchi\git\study\MongoDB\log\mongodb.log" } }
2019-11-21T09:40:46.846+0900 I  STORAGE  [initandlisten] wiredtiger_open config: create,cache_size=3310M,cache_overflow=(file_max=0M),session_max=33000,eviction=(threads_min=4,threads_max=4),config_base=false,statistics=(fast),log=(enabled=true,archive=true,path=journal,compressor=snappy),file_manager=(close_idle_time=100000,close_scan_interval=10,close_handle_minimum=250),statistics_log=(wait=0),verbose=[recovery_progress,checkpoint_progress],
2019-11-21T09:40:47.300+0900 I  STORAGE  [initandlisten] WiredTiger message [1574296847:300412][32:140710114451024], txn-recover: Set global recovery timestamp: (0,0)
2019-11-21T09:40:47.394+0900 I  RECOVERY [initandlisten] WiredTiger recoveryTimestamp. Ts: Timestamp(0, 0)
2019-11-21T09:40:47.574+0900 I  STORAGE  [initandlisten] Timestamp monitor starting
2019-11-21T09:40:47.770+0900 I  CONTROL  [initandlisten] 
2019-11-21T09:40:47.771+0900 I  CONTROL  [initandlisten] ** WARNING: Access control is not enabled for the database.
2019-11-21T09:40:47.771+0900 I  CONTROL  [initandlisten] **          Read and write access to data and configuration is unrestricted.
2019-11-21T09:40:47.771+0900 I  CONTROL  [initandlisten] 
2019-11-21T09:40:47.826+0900 I  STORAGE  [initandlisten] createCollection: admin.system.version with provided UUID: eb3ff5b0-910a-4bf2-9967-e6d46e3b3d60 and options: { uuid: UUID("eb3ff5b0-910a-4bf2-9967-e6d46e3b3d60") }
2019-11-21T09:40:48.026+0900 I  INDEX    [initandlisten] index build: done building index _id_ on ns admin.system.version
2019-11-21T09:40:48.062+0900 I  SHARDING [initandlisten] Marking collection admin.system.version as collection version: <unsharded>
2019-11-21T09:40:48.062+0900 I  COMMAND  [initandlisten] setting featureCompatibilityVersion to 4.2
2019-11-21T09:40:48.065+0900 I  SHARDING [initandlisten] Marking collection local.system.replset as collection version: <unsharded>
2019-11-21T09:40:48.066+0900 I  STORAGE  [initandlisten] Flow Control is enabled on this deployment.
2019-11-21T09:40:48.067+0900 I  SHARDING [initandlisten] Marking collection admin.system.roles as collection version: <unsharded>
2019-11-21T09:40:48.099+0900 I  STORAGE  [initandlisten] createCollection: local.startup_log with generated UUID: ce773618-b2b1-4349-aeb7-4afe072113e0 and options: { capped: true, size: 10485760 }
2019-11-21T09:40:48.286+0900 I  INDEX    [initandlisten] index build: done building index _id_ on ns local.startup_log
2019-11-21T09:40:48.286+0900 I  SHARDING [initandlisten] Marking collection local.startup_log as collection version: <unsharded>
2019-11-21T09:40:52.767+0900 I  FTDC     [initandlisten] Initializing full-time diagnostic data capture with directory 'C:/Users/d-noguchi/git/study/MongoDB/data/diagnostic.data'
2019-11-21T09:40:52.776+0900 I  SHARDING [LogicalSessionCacheRefresh] Marking collection config.system.sessions as collection version: <unsharded>
2019-11-21T09:40:52.777+0900 I  STORAGE  [LogicalSessionCacheRefresh] createCollection: config.system.sessions with provided UUID: 0989a906-49a1-4f9b-8c8c-ccefc57d234f and options: { uuid: UUID("0989a906-49a1-4f9b-8c8c-ccefc57d234f") }
2019-11-21T09:40:52.783+0900 I  NETWORK  [initandlisten] Listening on 127.0.0.1
2019-11-21T09:40:52.788+0900 I  NETWORK  [initandlisten] waiting for connections on port 27017
2019-11-21T09:40:52.925+0900 I  INDEX    [LogicalSessionCacheRefresh] index build: done building index _id_ on ns config.system.sessions
2019-11-21T09:40:53.027+0900 I  SHARDING [ftdc] Marking collection local.oplog.rs as collection version: <unsharded>
2019-11-21T09:40:53.156+0900 I  INDEX    [LogicalSessionCacheRefresh] index build: starting on config.system.sessions properties: { v: 2, key: { lastUse: 1 }, name: "lsidTTLIndex", ns: "config.system.sessions", expireAfterSeconds: 1800 } using method: Hybrid
2019-11-21T09:40:53.157+0900 I  INDEX    [LogicalSessionCacheRefresh] build may temporarily use up to 500 megabytes of RAM
2019-11-21T09:40:53.157+0900 I  INDEX    [LogicalSessionCacheRefresh] index build: collection scan done. scanned 0 total records in 0 seconds
2019-11-21T09:40:53.162+0900 I  INDEX    [LogicalSessionCacheRefresh] index build: inserted 0 keys from external sorter into index in 0 seconds
2019-11-21T09:40:53.186+0900 I  INDEX    [LogicalSessionCacheRefresh] index build: done building index lsidTTLIndex on ns config.system.sessions
2019-11-21T09:40:53.197+0900 I  COMMAND  [LogicalSessionCacheRefresh] command config.system.sessions command: createIndexes { createIndexes: "system.sessions", indexes: [ { key: { lastUse: 1 }, name: "lsidTTLIndex", expireAfterSeconds: 1800 } ], $db: "config" } numYields:0 reslen:114 locks:{ ParallelBatchWriterMode: { acquireCount: { r: 2 } }, ReplicationStateTransition: { acquireCount: { w: 3 } }, Global: { acquireCount: { r: 1, w: 2 } }, Database: { acquireCount: { r: 1, w: 2, W: 1 } }, Collection: { acquireCount: { r: 4, w: 1, R: 1, W: 2 } }, Mutex: { acquireCount: { r: 3 } } } flowControl:{ acquireCount: 1 } storage:{} protocol:op_msg 420ms
2019-11-21T09:40:53.198+0900 I  COMMAND  [LogicalSessionCacheReap] command config.system.sessions command: listIndexes { listIndexes: "system.sessions", cursor: {}, $db: "config" } numYields:0 reslen:307 locks:{ ReplicationStateTransition: { acquireCount: { w: 1 } }, Global: { acquireCount: { r: 1 } }, Database: { acquireCount: { r: 1 }, acquireWaitCount: { r: 1 }, timeAcquiringMicros: { r: 413549 } }, Collection: { acquireCount: { r: 1 } }, Mutex: { acquireCount: { r: 1 } } } storage:{} protocol:op_msg 413ms
2019-11-21T09:40:53.198+0900 I  SHARDING [LogicalSessionCacheReap] Marking collection config.transactions as collection version: <unsharded>
2019-11-21T09:42:33.899+0900 I  NETWORK  [listener] connection accepted from 127.0.0.1:51016 #1 (1 connection now open)
2019-11-21T09:42:33.904+0900 I  NETWORK  [conn1] received client metadata from 127.0.0.1:51016 conn1: { application: { name: "MongoDB Shell" }, driver: { name: "MongoDB Internal Client", version: "4.2.1" }, os: { type: "Windows", name: "Microsoft Windows 10", architecture: "x86_64", version: "10.0 (build 18363)" } }
2019-11-21T09:42:53.169+0900 I  NETWORK  [conn1] end connection 127.0.0.1:51016 (0 connections now open)
2019-11-21T09:44:15.957+0900 I  CONTROL  [thread2] Ctrl-C signal
2019-11-21T09:44:15.958+0900 I  CONTROL  [consoleTerminate] got CTRL_C_EVENT, will terminate after current cmd ends
2019-11-21T09:44:15.960+0900 I  NETWORK  [consoleTerminate] shutdown: going to close listening sockets...
2019-11-21T09:44:15.961+0900 I  -        [consoleTerminate] Stopping further Flow Control ticket acquisitions.
2019-11-21T09:44:15.962+0900 I  CONTROL  [consoleTerminate] Shutting down free monitoring
2019-11-21T09:44:15.963+0900 I  FTDC     [consoleTerminate] Shutting down full-time diagnostic data capture
2019-11-21T09:44:15.978+0900 I  STORAGE  [consoleTerminate] Deregistering all the collections
2019-11-21T09:44:15.978+0900 I  STORAGE  [consoleTerminate] Timestamp monitor shutting down
2019-11-21T09:44:15.979+0900 I  STORAGE  [consoleTerminate] WiredTigerKVEngine shutting down
2019-11-21T09:44:15.979+0900 I  STORAGE  [consoleTerminate] Shutting down session sweeper thread
2019-11-21T09:44:15.979+0900 I  STORAGE  [consoleTerminate] Finished shutting down session sweeper thread
2019-11-21T09:44:15.979+0900 I  STORAGE  [consoleTerminate] Shutting down journal flusher thread
2019-11-21T09:44:16.085+0900 I  STORAGE  [consoleTerminate] Finished shutting down journal flusher thread
2019-11-21T09:44:16.085+0900 I  STORAGE  [consoleTerminate] Shutting down checkpoint thread
2019-11-21T09:44:16.085+0900 I  STORAGE  [consoleTerminate] Finished shutting down checkpoint thread
2019-11-21T09:44:16.211+0900 I  STORAGE  [consoleTerminate] shutdown: removing fs lock...
2019-11-21T09:44:16.212+0900 I  CONTROL  [consoleTerminate] now exiting
2019-11-21T09:44:16.212+0900 I  CONTROL  [consoleTerminate] shutting down with code:12
